GNU Make 3.81
Copyright (C) 2006  Free Software Foundation, Inc.
This is free software; see the source for copying conditions.
There is NO warranty; not even for MERCHANTABILITY or FITNESS FOR A
PARTICULAR PURPOSE.

This program built for x86_64-pc-linux-gnu
Reading makefiles...
Reading makefile `build/core/main.mk'...
Reading makefile `build/core/help.mk' (search path) (no ~ expansion)...
Reading makefile `build/core/config.mk' (search path) (no ~ expansion)...
Reading makefile `build/core/pathmap.mk' (search path) (no ~ expansion)...
Reading makefile `buildspec.mk' (search path) (don't care) (no ~ expansion)...
Reading makefile `build/core/envsetup.mk' (search path) (no ~ expansion)...
Reading makefile `build/core/version_defaults.mk' (search path) (no ~ expansion)...
Reading makefile `build/core/build_id.mk' (search path) (no ~ expansion)...
Reading makefile `build/core/product_config.mk' (search path) (no ~ expansion)...
Reading makefile `build/core/node_fns.mk' (search path) (no ~ expansion)...
Reading makefile `build/core/product.mk' (search path) (no ~ expansion)...
Reading makefile `build/core/device.mk' (search path) (no ~ expansion)...
Reading makefile `device/huawei/angler/AndroidProducts.mk' (search path) (no ~ expansion)...
Reading makefile `device/sample/products/AndroidProducts.mk' (search path) (no ~ expansion)...
Reading makefile `device/lge/bullhead/AndroidProducts.mk' (search path) (no ~ expansion)...
Reading makefile `device/lge/hammerhead/AndroidProducts.mk' (search path) (no ~ expansion)...
Reading makefile `device/htc/flounder/AndroidProducts.mk' (search path) (no ~ expansion)...
Reading makefile `device/generic/x86_64/AndroidProducts.mk' (search path) (no ~ expansion)...
Reading makefile `device/generic/mini-emulator-armv7-a-neon/AndroidProducts.mk' (search path) (no ~ expansion)...
Reading makefile `device/generic/mini-emulator-arm64/AndroidProducts.mk' (search path) (no ~ expansion)...
Reading makefile `device/generic/mini-emulator-mips/AndroidProducts.mk' (search path) (no ~ expansion)...
Reading makefile `device/generic/mips/AndroidProducts.mk' (search path) (no ~ expansion)...
Reading makefile `device/generic/arm64/AndroidProducts.mk' (search path) (no ~ expansion)...
Reading makefile `device/generic/mini-emulator-x86_64/AndroidProducts.mk' (search path) (no ~ expansion)...
Reading makefile `device/generic/armv7-a-neon/AndroidProducts.mk' (search path) (no ~ expansion)...
Reading makefile `device/generic/qemu/AndroidProducts.mk' (search path) (no ~ expansion)...
Reading makefile `device/generic/x86/AndroidProducts.mk' (search path) (no ~ expansion)...
Reading makefile `device/generic/mini-emulator-x86/AndroidProducts.mk' (search path) (no ~ expansion)...
Reading makefile `device/asus/flo/AndroidProducts.mk' (search path) (no ~ expansion)...
Reading makefile `device/asus/fugu/AndroidProducts.mk' (search path) (no ~ expansion)...
Reading makefile `device/asus/deb/AndroidProducts.mk' (search path) (no ~ expansion)...
Reading makefile `device/moto/shamu/AndroidProducts.mk' (search path) (no ~ expansion)...
Reading makefile `build/target/product/AndroidProducts.mk' (search path) (no ~ expansion)...
Reading makefile `device/lge/hammerhead/aosp_hammerhead.mk' (search path) (no ~ expansion)...
Reading makefile `device/lge/hammerhead/full_hammerhead.mk' (search path) (no ~ expansion)...
Reading makefile `build/target/product/aosp_base_telephony.mk' (search path) (no ~ expansion)...
Reading makefile `build/target/product/full_base_telephony.mk' (search path) (no ~ expansion)...
Reading makefile `build/target/product/aosp_base.mk' (search path) (no ~ expansion)...
Reading makefile `build/target/product/full_base.mk' (search path) (no ~ expansion)...
Reading makefile `build/target/product/generic_no_telephony.mk' (search path) (no ~ expansion)...
Reading makefile `build/target/product/core.mk' (search path) (no ~ expansion)...
Reading makefile `build/target/product/core_base.mk' (search path) (no ~ expansion)...
Reading makefile `build/target/product/core_minimal.mk' (search path) (no ~ expansion)...
Reading makefile `build/target/product/base.mk' (search path) (no ~ expansion)...
Reading makefile `build/target/product/embedded.mk' (search path) (no ~ expansion)...
Reading makefile `build/target/product/runtime_libart.mk' (search path) (no ~ expansion)...
Reading makefile `external/google-fonts/carrois-gothic-sc/fonts.mk' (search path) (no ~ expansion)...
Reading makefile `external/google-fonts/coming-soon/fonts.mk' (search path) (no ~ expansion)...
Reading makefile `external/google-fonts/cutive-mono/fonts.mk' (search path) (no ~ expansion)...
Reading makefile `external/google-fonts/dancing-script/fonts.mk' (search path) (no ~ expansion)...
Reading makefile `external/hyphenation-patterns/patterns.mk' (search path) (no ~ expansion)...
Reading makefile `external/noto-fonts/fonts.mk' (search path) (no ~ expansion)...
Reading makefile `external/roboto-fonts/fonts.mk' (search path) (no ~ expansion)...
Reading makefile `frameworks/base/data/fonts/fonts.mk' (search path) (no ~ expansion)...
Reading makefile `frameworks/base/data/keyboards/keyboards.mk' (search path) (no ~ expansion)...
Reading makefile `frameworks/base/data/keyboards/common.mk' (search path) (no ~ expansion)...
Reading makefile `build/target/product/locales_full.mk' (search path) (no ~ expansion)...
Reading makefile `build/target/product/languages_full.mk' (search path) (no ~ expansion)...
Reading makefile `external/svox/pico/lang/all_pico_languages.mk' (search path) (no ~ expansion)...
Reading makefile `external/svox/pico/lang/PicoLangDeDeInSystem.mk' (search path) (no ~ expansion)...
Reading makefile `external/svox/pico/lang/PicoLangEnGBInSystem.mk' (search path) (no ~ expansion)...
Reading makefile `external/svox/pico/lang/PicoLangEnUsInSystem.mk' (search path) (no ~ expansion)...
Reading makefile `external/svox/pico/lang/PicoLangEsEsInSystem.mk' (search path) (no ~ expansion)...
Reading makefile `external/svox/pico/lang/PicoLangFrFrInSystem.mk' (search path) (no ~ expansion)...
Reading makefile `external/svox/pico/lang/PicoLangItItInSystem.mk' (search path) (no ~ expansion)...
Reading makefile `frameworks/base/data/sounds/AllAudio.mk' (search path) (no ~ expansion)...
Reading makefile `build/target/product/telephony.mk' (search path) (no ~ expansion)...
Reading makefile `device/lge/hammerhead/device.mk' (search path) (no ~ expansion)...
Reading makefile `frameworks/native/build/phone-xhdpi-2048-dalvik-heap.mk' (search path) (no ~ expansion)...
Reading makefile `hardware/broadcom/wlan/bcmdhd/firmware/bcm4339/device-bcm.mk' (search path) (no ~ expansion)...
Reading makefile `hardware/broadcom/wlan/bcmdhd/config/config-bcm.mk' (search path) (don't care) (no ~ expansion)...
Reading makefile `hardware/qcom/msm8x74/msm8x74.mk' (search path) (no ~ expansion)...
Reading makefile `device/lge/hammerhead/BoardConfig.mk' (search path) (no ~ expansion)...
Reading makefile `vendor/lge/hammerhead/BoardConfigVendor.mk' (search path) (don't care) (no ~ expansion)...
Reading makefile `build/core/combo/select.mk' (search path) (no ~ expansion)...
Reading makefile `build/core/combo/HOST_linux-x86_64.mk' (search path) (no ~ expansion)...
Reading makefile `build/core/combo/select.mk' (search path) (no ~ expansion)...
Reading makefile `build/core/combo/HOST_linux-x86.mk' (search path) (no ~ expansion)...
Reading makefile `build/core/combo/select.mk' (search path) (no ~ expansion)...
Reading makefile `build/core/combo/TARGET_linux-arm.mk' (search path) (no ~ expansion)...
Reading makefile `build/core/combo/arch/arm/armv7-a-neon.mk' (search path) (no ~ expansion)...
Reading makefile `build/core/combo/fdo.mk' (search path) (no ~ expansion)...
Reading makefile `build/core/ccache.mk' (search path) (no ~ expansion)...
Reading makefile `build/core/combo/javac.mk' (search path) (no ~ expansion)...
Reading makefile `build/core/clang/config.mk' (search path) (no ~ expansion)...
Reading makefile `build/core/clang/HOST_x86_64.mk' (search path) (no ~ expansion)...
Reading makefile `build/core/clang/x86_64.mk' (search path) (no ~ expansion)...
Reading makefile `build/core/clang/HOST_x86_common.mk' (search path) (no ~ expansion)...
Reading makefile `build/core/clang/HOST_x86.mk' (search path) (no ~ expansion)...
Reading makefile `build/core/clang/x86.mk' (search path) (no ~ expansion)...
Reading makefile `build/core/clang/HOST_x86_common.mk' (search path) (no ~ expansion)...
Reading makefile `build/core/clang/TARGET_arm.mk' (search path) (no ~ expansion)...
Reading makefile `build/core/clang/arm.mk' (search path) (no ~ expansion)...
Reading makefile `build/core/dumpvar.mk' (search path) (no ~ expansion)...
============================================
PLATFORM_VERSION_CODENAME=REL
PLATFORM_VERSION=6.0.1
TARGET_PRODUCT=aosp_hammerhead
TARGET_BUILD_VARIANT=userdebug
TARGET_BUILD_TYPE=release
TARGET_BUILD_APPS=
TARGET_ARCH=arm
TARGET_ARCH_VARIANT=armv7-a-neon
TARGET_CPU_VARIANT=krait
TARGET_2ND_ARCH=
TARGET_2ND_ARCH_VARIANT=
TARGET_2ND_CPU_VARIANT=
HOST_ARCH=x86_64
HOST_OS=linux
HOST_OS_EXTRA=Linux-4.4.0-34-generic-x86_64-with-Ubuntu-14.04-trusty
HOST_BUILD_TYPE=release
BUILD_ID=MMB29X
OUT_DIR=out
============================================
Reading makefile `cts/build/config.mk' (search path) (don't care) (no ~ expansion)...
Reading makefile `build/core/cleanbuild.mk' (search path) (no ~ expansion)...
Reading makefile `out/target/product/hammerhead/previous_build_config.mk' (search path) (don't care) (no ~ expansion)...
Reading makefile `out/host/linux-x86/previous_prebuilt_tools_config.mk' (search path) (don't care) (no ~ expansion)...
Reading makefile `vendor/google/build/config.mk' (search path) (don't care) (no ~ expansion)...
Reading makefile `out/versions_checked.mk' (search path) (don't care) (no ~ expansion)...
Reading makefile `build/core/definitions.mk' (search path) (no ~ expansion)...
Reading makefile `build/core/distdir.mk' (search path) (no ~ expansion)...
Reading makefile `vendor/*/build/core/definitions.mk' (search path) (don't care) (no ~ expansion)...
Reading makefile `device/*/build/core/definitions.mk' (search path) (don't care) (no ~ expansion)...
Reading makefile `build/core/dex_preopt.mk' (search path) (no ~ expansion)...
Reading makefile `build/core/dex_preopt_libart.mk' (search path) (no ~ expansion)...
Reading makefile `build/core/dex_preopt_libart_boot.mk' (search path) (no ~ expansion)...
Reading makefile `build/core/pdk_config.mk' (search path) (no ~ expansion)...
Reading makefile `external/Vulnerbility/Android.mk' (search path) (no ~ expansion)...
Reading makefile `build/core/clear_vars.mk' (search path) (no ~ expansion)...
Reading makefile `build/core/executable.mk' (search path) (no ~ expansion)...
Reading makefile `build/core/multilib.mk' (search path) (no ~ expansion)...
Reading makefile `build/core/module_arch_supported.mk' (search path) (no ~ expansion)...
Reading makefile `build/core/executable_internal.mk' (search path) (no ~ expansion)...
Reading makefile `build/core/dynamic_binary.mk' (search path) (no ~ expansion)...
Reading makefile `build/core/configure_module_stem.mk' (search path) (no ~ expansion)...
Reading makefile `build/core/binary.mk' (search path) (no ~ expansion)...
Reading makefile `build/core/base_rules.mk' (search path) (no ~ expansion)...
Reading makefile `build/core/configure_module_stem.mk' (search path) (no ~ expansion)...
Reading makefile `build/core/notice_files.mk' (search path) (no ~ expansion)...
Reading makefile `build/core/cxx_stl_setup.mk' (search path) (no ~ expansion)...
Reading makefile `build/core/config_sanitizers.mk' (search path) (no ~ expansion)...
Reading makefile `build/core/post_clean.mk' (search path) (no ~ expansion)...
Reading makefile `out/target/common/obj/previous_aidl_config.mk' (search path) (don't care) (no ~ expansion)...
Reading makefile `build/core/legacy_prebuilts.mk' (search path) (no ~ expansion)...
Reading makefile `build/core/Makefile' (search path) (no ~ expansion)...
PRODUCT_COPY_FILES device/generic/goldfish/data/etc/apns-conf.xml:system/etc/apns-conf.xml ignored.
No private recovery resources for TARGET_DEVICE hammerhead
Reading makefile `out/host/linux-x86/sdk/aosp_hammerhead/sdk_deps.mk' (search path) (don't care) (no ~ expansion)...
Reading makefile `build/core/sdk_font.mk' (search path) (no ~ expansion)...
Reading makefile `build/core/tasks/apicheck.mk' (search path) (no ~ expansion)...
Reading makefile `build/core/tasks/boot_jars_package_check.mk' (search path) (no ~ expansion)...
Reading makefile `build/core/tasks/build_custom_images.mk' (search path) (no ~ expansion)...
Reading makefile `build/core/tasks/collect_gpl_sources.mk' (search path) (no ~ expansion)...
Reading makefile `build/core/tasks/cts.mk' (search path) (no ~ expansion)...
Reading makefile `cts/CtsTestCaseList.mk' (search path) (don't care) (no ~ expansion)...
Reading makefile `build/core/tasks/deps_licenses.mk' (search path) (no ~ expansion)...
Reading makefile `build/core/tasks/ide.mk' (search path) (no ~ expansion)...
Reading makefile `build/core/tasks/oem_image.mk' (search path) (no ~ expansion)...
Reading makefile `build/core/tasks/product-graph.mk' (search path) (no ~ expansion)...
Reading makefile `build/core/tasks/sdk-addon.mk' (search path) (no ~ expansion)...
Reading makefile `build/core/tasks/vendor_module_check.mk' (search path) (no ~ expansion)...
Updating makefiles....
 Considering target file `build/core/tasks/vendor_module_check.mk'.
  Looking for an implicit rule for `build/core/tasks/vendor_module_check.mk'.
  No implicit rule found for `build/core/tasks/vendor_module_check.mk'.
  Finished prerequisites of target file `build/core/tasks/vendor_module_check.mk'.
 No need to remake target `build/core/tasks/vendor_module_check.mk'.
 Considering target file `build/core/tasks/sdk-addon.mk'.
  Looking for an implicit rule for `build/core/tasks/sdk-addon.mk'.
  No implicit rule found for `build/core/tasks/sdk-addon.mk'.
  Finished prerequisites of target file `build/core/tasks/sdk-addon.mk'.
 No need to remake target `build/core/tasks/sdk-addon.mk'.
 Considering target file `build/core/tasks/product-graph.mk'.
  Looking for an implicit rule for `build/core/tasks/product-graph.mk'.
  No implicit rule found for `build/core/tasks/product-graph.mk'.
  Finished prerequisites of target file `build/core/tasks/product-graph.mk'.
 No need to remake target `build/core/tasks/product-graph.mk'.
 Considering target file `build/core/tasks/oem_image.mk'.
  Looking for an implicit rule for `build/core/tasks/oem_image.mk'.
  No implicit rule found for `build/core/tasks/oem_image.mk'.
  Finished prerequisites of target file `build/core/tasks/oem_image.mk'.
 No need to remake target `build/core/tasks/oem_image.mk'.
 Considering target file `build/core/tasks/ide.mk'.
  Looking for an implicit rule for `build/core/tasks/ide.mk'.
  No implicit rule found for `build/core/tasks/ide.mk'.
  Finished prerequisites of target file `build/core/tasks/ide.mk'.
 No need to remake target `build/core/tasks/ide.mk'.
 Considering target file `build/core/tasks/deps_licenses.mk'.
  Looking for an implicit rule for `build/core/tasks/deps_licenses.mk'.
  No implicit rule found for `build/core/tasks/deps_licenses.mk'.
  Finished prerequisites of target file `build/core/tasks/deps_licenses.mk'.
 No need to remake target `build/core/tasks/deps_licenses.mk'.
 Considering target file `cts/CtsTestCaseList.mk'.
  Looking for an implicit rule for `cts/CtsTestCaseList.mk'.
  No implicit rule found for `cts/CtsTestCaseList.mk'.
  Finished prerequisites of target file `cts/CtsTestCaseList.mk'.
 No need to remake target `cts/CtsTestCaseList.mk'.
 Considering target file `build/core/tasks/cts.mk'.
  Looking for an implicit rule for `build/core/tasks/cts.mk'.
  No implicit rule found for `build/core/tasks/cts.mk'.
  Finished prerequisites of target file `build/core/tasks/cts.mk'.
 No need to remake target `build/core/tasks/cts.mk'.
 Considering target file `build/core/tasks/collect_gpl_sources.mk'.
  Looking for an implicit rule for `build/core/tasks/collect_gpl_sources.mk'.
  No implicit rule found for `build/core/tasks/collect_gpl_sources.mk'.
  Finished prerequisites of target file `build/core/tasks/collect_gpl_sources.mk'.
 No need to remake target `build/core/tasks/collect_gpl_sources.mk'.
 Considering target file `build/core/tasks/build_custom_images.mk'.
  Looking for an implicit rule for `build/core/tasks/build_custom_images.mk'.
  No implicit rule found for `build/core/tasks/build_custom_images.mk'.
  Finished prerequisites of target file `build/core/tasks/build_custom_images.mk'.
 No need to remake target `build/core/tasks/build_custom_images.mk'.
 Considering target file `build/core/tasks/boot_jars_package_check.mk'.
  Looking for an implicit rule for `build/core/tasks/boot_jars_package_check.mk'.
  No implicit rule found for `build/core/tasks/boot_jars_package_check.mk'.
  Finished prerequisites of target file `build/core/tasks/boot_jars_package_check.mk'.
 No need to remake target `build/core/tasks/boot_jars_package_check.mk'.
 Considering target file `build/core/tasks/apicheck.mk'.
  Looking for an implicit rule for `build/core/tasks/apicheck.mk'.
  No implicit rule found for `build/core/tasks/apicheck.mk'.
  Finished prerequisites of target file `build/core/tasks/apicheck.mk'.
 No need to remake target `build/core/tasks/apicheck.mk'.
 Considering target file `build/core/sdk_font.mk'.
  Looking for an implicit rule for `build/core/sdk_font.mk'.
  No implicit rule found for `build/core/sdk_font.mk'.
  Finished prerequisites of target file `build/core/sdk_font.mk'.
 No need to remake target `build/core/sdk_font.mk'.
 Considering target file `out/host/linux-x86/sdk/aosp_hammerhead/sdk_deps.mk'.
  File `out/host/linux-x86/sdk/aosp_hammerhead/sdk_deps.mk' does not exist.
  Looking for an implicit rule for `out/host/linux-x86/sdk/aosp_hammerhead/sdk_deps.mk'.
  No implicit rule found for `out/host/linux-x86/sdk/aosp_hammerhead/sdk_deps.mk'.
  Finished prerequisites of target file `out/host/linux-x86/sdk/aosp_hammerhead/sdk_deps.mk'.
 Must remake target `out/host/linux-x86/sdk/aosp_hammerhead/sdk_deps.mk'.
 Failed to remake target file `out/host/linux-x86/sdk/aosp_hammerhead/sdk_deps.mk'.
 Considering target file `build/core/Makefile'.
  Looking for an implicit rule for `build/core/Makefile'.
  No implicit rule found for `build/core/Makefile'.
  Finished prerequisites of target file `build/core/Makefile'.
 No need to remake target `build/core/Makefile'.
 Considering target file `build/core/legacy_prebuilts.mk'.
  Looking for an implicit rule for `build/core/legacy_prebuilts.mk'.
  No implicit rule found for `build/core/legacy_prebuilts.mk'.
  Finished prerequisites of target file `build/core/legacy_prebuilts.mk'.
 No need to remake target `build/core/legacy_prebuilts.mk'.
 Considering target file `out/target/common/obj/previous_aidl_config.mk'.
  Looking for an implicit rule for `out/target/common/obj/previous_aidl_config.mk'.
  No implicit rule found for `out/target/common/obj/previous_aidl_config.mk'.
  Finished prerequisites of target file `out/target/common/obj/previous_aidl_config.mk'.
 No need to remake target `out/target/common/obj/previous_aidl_config.mk'.
 Considering target file `build/core/post_clean.mk'.
  Looking for an implicit rule for `build/core/post_clean.mk'.
  No implicit rule found for `build/core/post_clean.mk'.
  Finished prerequisites of target file `build/core/post_clean.mk'.
 No need to remake target `build/core/post_clean.mk'.
 Considering target file `build/core/config_sanitizers.mk'.
  Looking for an implicit rule for `build/core/config_sanitizers.mk'.
  No implicit rule found for `build/core/config_sanitizers.mk'.
  Finished prerequisites of target file `build/core/config_sanitizers.mk'.
 No need to remake target `build/core/config_sanitizers.mk'.
 Considering target file `build/core/cxx_stl_setup.mk'.
  Looking for an implicit rule for `build/core/cxx_stl_setup.mk'.
  No implicit rule found for `build/core/cxx_stl_setup.mk'.
  Finished prerequisites of target file `build/core/cxx_stl_setup.mk'.
 No need to remake target `build/core/cxx_stl_setup.mk'.
 Considering target file `build/core/notice_files.mk'.
  Looking for an implicit rule for `build/core/notice_files.mk'.
  No implicit rule found for `build/core/notice_files.mk'.
  Finished prerequisites of target file `build/core/notice_files.mk'.
 No need to remake target `build/core/notice_files.mk'.
 Considering target file `build/core/configure_module_stem.mk'.
  Looking for an implicit rule for `build/core/configure_module_stem.mk'.
  No implicit rule found for `build/core/configure_module_stem.mk'.
  Finished prerequisites of target file `build/core/configure_module_stem.mk'.
 No need to remake target `build/core/configure_module_stem.mk'.
 Considering target file `build/core/base_rules.mk'.
  Looking for an implicit rule for `build/core/base_rules.mk'.
  No implicit rule found for `build/core/base_rules.mk'.
  Finished prerequisites of target file `build/core/base_rules.mk'.
 No need to remake target `build/core/base_rules.mk'.
 Considering target file `build/core/binary.mk'.
  Looking for an implicit rule for `build/core/binary.mk'.
  No implicit rule found for `build/core/binary.mk'.
  Finished prerequisites of target file `build/core/binary.mk'.
 No need to remake target `build/core/binary.mk'.
 Pruning file `build/core/configure_module_stem.mk'.
 Considering target file `build/core/dynamic_binary.mk'.
  Looking for an implicit rule for `build/core/dynamic_binary.mk'.
  No implicit rule found for `build/core/dynamic_binary.mk'.
  Finished prerequisites of target file `build/core/dynamic_binary.mk'.
 No need to remake target `build/core/dynamic_binary.mk'.
 Considering target file `build/core/executable_internal.mk'.
  Looking for an implicit rule for `build/core/executable_internal.mk'.
  No implicit rule found for `build/core/executable_internal.mk'.
  Finished prerequisites of target file `build/core/executable_internal.mk'.
 No need to remake target `build/core/executable_internal.mk'.
 Considering target file `build/core/module_arch_supported.mk'.
  Looking for an implicit rule for `build/core/module_arch_supported.mk'.
  No implicit rule found for `build/core/module_arch_supported.mk'.
  Finished prerequisites of target file `build/core/module_arch_supported.mk'.
 No need to remake target `build/core/module_arch_supported.mk'.
 Considering target file `build/core/multilib.mk'.
  Looking for an implicit rule for `build/core/multilib.mk'.
  No implicit rule found for `build/core/multilib.mk'.
  Finished prerequisites of target file `build/core/multilib.mk'.
 No need to remake target `build/core/multilib.mk'.
 Considering target file `build/core/executable.mk'.
  Looking for an implicit rule for `build/core/executable.mk'.
  No implicit rule found for `build/core/executable.mk'.
  Finished prerequisites of target file `build/core/executable.mk'.
 No need to remake target `build/core/executable.mk'.
 Considering target file `build/core/clear_vars.mk'.
  Looking for an implicit rule for `build/core/clear_vars.mk'.
  No implicit rule found for `build/core/clear_vars.mk'.
  Finished prerequisites of target file `build/core/clear_vars.mk'.
 No need to remake target `build/core/clear_vars.mk'.
 Considering target file `external/Vulnerbility/Android.mk'.
  Looking for an implicit rule for `external/Vulnerbility/Android.mk'.
  No implicit rule found for `external/Vulnerbility/Android.mk'.
  Finished prerequisites of target file `external/Vulnerbility/Android.mk'.
 No need to remake target `external/Vulnerbility/Android.mk'.
 Considering target file `build/core/pdk_config.mk'.
  Looking for an implicit rule for `build/core/pdk_config.mk'.
  No implicit rule found for `build/core/pdk_config.mk'.
  Finished prerequisites of target file `build/core/pdk_config.mk'.
 No need to remake target `build/core/pdk_config.mk'.
 Considering target file `build/core/dex_preopt_libart_boot.mk'.
  Looking for an implicit rule for `build/core/dex_preopt_libart_boot.mk'.
  No implicit rule found for `build/core/dex_preopt_libart_boot.mk'.
  Finished prerequisites of target file `build/core/dex_preopt_libart_boot.mk'.
 No need to remake target `build/core/dex_preopt_libart_boot.mk'.
 Considering target file `build/core/dex_preopt_libart.mk'.
  Looking for an implicit rule for `build/core/dex_preopt_libart.mk'.
  No implicit rule found for `build/core/dex_preopt_libart.mk'.
  Finished prerequisites of target file `build/core/dex_preopt_libart.mk'.
 No need to remake target `build/core/dex_preopt_libart.mk'.
 Considering target file `build/core/dex_preopt.mk'.
  Looking for an implicit rule for `build/core/dex_preopt.mk'.
  No implicit rule found for `build/core/dex_preopt.mk'.
  Finished prerequisites of target file `build/core/dex_preopt.mk'.
 No need to remake target `build/core/dex_preopt.mk'.
 Considering target file `device/*/build/core/definitions.mk'.
  File `device/*/build/core/definitions.mk' does not exist.
  Looking for an implicit rule for `device/*/build/core/definitions.mk'.
  No implicit rule found for `device/*/build/core/definitions.mk'.
  Finished prerequisites of target file `device/*/build/core/definitions.mk'.
 Must remake target `device/*/build/core/definitions.mk'.
 Failed to remake target file `device/*/build/core/definitions.mk'.
 Considering target file `vendor/*/build/core/definitions.mk'.
  File `vendor/*/build/core/definitions.mk' does not exist.
  Looking for an implicit rule for `vendor/*/build/core/definitions.mk'.
  No implicit rule found for `vendor/*/build/core/definitions.mk'.
  Finished prerequisites of target file `vendor/*/build/core/definitions.mk'.
 Must remake target `vendor/*/build/core/definitions.mk'.
 Failed to remake target file `vendor/*/build/core/definitions.mk'.
 Considering target file `build/core/distdir.mk'.
  Looking for an implicit rule for `build/core/distdir.mk'.
  No implicit rule found for `build/core/distdir.mk'.
  Finished prerequisites of target file `build/core/distdir.mk'.
 No need to remake target `build/core/distdir.mk'.
 Considering target file `build/core/definitions.mk'.
  Looking for an implicit rule for `build/core/definitions.mk'.
  No implicit rule found for `build/core/definitions.mk'.
  Finished prerequisites of target file `build/core/definitions.mk'.
 No need to remake target `build/core/definitions.mk'.
 Considering target file `out/versions_checked.mk'.
  Looking for an implicit rule for `out/versions_checked.mk'.
  No implicit rule found for `out/versions_checked.mk'.
  Finished prerequisites of target file `out/versions_checked.mk'.
 No need to remake target `out/versions_checked.mk'.
 Considering target file `vendor/google/build/config.mk'.
  File `vendor/google/build/config.mk' does not exist.
  Looking for an implicit rule for `vendor/google/build/config.mk'.
  No implicit rule found for `vendor/google/build/config.mk'.
  Finished prerequisites of target file `vendor/google/build/config.mk'.
 Must remake target `vendor/google/build/config.mk'.
 Failed to remake target file `vendor/google/build/config.mk'.
 Considering target file `out/host/linux-x86/previous_prebuilt_tools_config.mk'.
  Looking for an implicit rule for `out/host/linux-x86/previous_prebuilt_tools_config.mk'.
  No implicit rule found for `out/host/linux-x86/previous_prebuilt_tools_config.mk'.
  Finished prerequisites of target file `out/host/linux-x86/previous_prebuilt_tools_config.mk'.
 No need to remake target `out/host/linux-x86/previous_prebuilt_tools_config.mk'.
 Considering target file `out/target/product/hammerhead/previous_build_config.mk'.
  Looking for an implicit rule for `out/target/product/hammerhead/previous_build_config.mk'.
  No implicit rule found for `out/target/product/hammerhead/previous_build_config.mk'.
  Finished prerequisites of target file `out/target/product/hammerhead/previous_build_config.mk'.
 No need to remake target `out/target/product/hammerhead/previous_build_config.mk'.
 Considering target file `build/core/cleanbuild.mk'.
  Looking for an implicit rule for `build/core/cleanbuild.mk'.
  No implicit rule found for `build/core/cleanbuild.mk'.
  Finished prerequisites of target file `build/core/cleanbuild.mk'.
 No need to remake target `build/core/cleanbuild.mk'.
 Considering target file `cts/build/config.mk'.
  Looking for an implicit rule for `cts/build/config.mk'.
  No implicit rule found for `cts/build/config.mk'.
  Finished prerequisites of target file `cts/build/config.mk'.
 No need to remake target `cts/build/config.mk'.
 Considering target file `build/core/dumpvar.mk'.
  Looking for an implicit rule for `build/core/dumpvar.mk'.
  No implicit rule found for `build/core/dumpvar.mk'.
  Finished prerequisites of target file `build/core/dumpvar.mk'.
 No need to remake target `build/core/dumpvar.mk'.
 Considering target file `build/core/clang/arm.mk'.
  Looking for an implicit rule for `build/core/clang/arm.mk'.
  No implicit rule found for `build/core/clang/arm.mk'.
  Finished prerequisites of target file `build/core/clang/arm.mk'.
 No need to remake target `build/core/clang/arm.mk'.
 Considering target file `build/core/clang/TARGET_arm.mk'.
  Looking for an implicit rule for `build/core/clang/TARGET_arm.mk'.
  No implicit rule found for `build/core/clang/TARGET_arm.mk'.
  Finished prerequisites of target file `build/core/clang/TARGET_arm.mk'.
 No need to remake target `build/core/clang/TARGET_arm.mk'.
 Considering target file `build/core/clang/HOST_x86_common.mk'.
  Looking for an implicit rule for `build/core/clang/HOST_x86_common.mk'.
  No implicit rule found for `build/core/clang/HOST_x86_common.mk'.
  Finished prerequisites of target file `build/core/clang/HOST_x86_common.mk'.
 No need to remake target `build/core/clang/HOST_x86_common.mk'.
 Considering target file `build/core/clang/x86.mk'.
  Looking for an implicit rule for `build/core/clang/x86.mk'.
  No implicit rule found for `build/core/clang/x86.mk'.
  Finished prerequisites of target file `build/core/clang/x86.mk'.
 No need to remake target `build/core/clang/x86.mk'.
 Considering target file `build/core/clang/HOST_x86.mk'.
  Looking for an implicit rule for `build/core/clang/HOST_x86.mk'.
  No implicit rule found for `build/core/clang/HOST_x86.mk'.
  Finished prerequisites of target file `build/core/clang/HOST_x86.mk'.
 No need to remake target `build/core/clang/HOST_x86.mk'.
 Pruning file `build/core/clang/HOST_x86_common.mk'.
 Considering target file `build/core/clang/x86_64.mk'.
  Looking for an implicit rule for `build/core/clang/x86_64.mk'.
  No implicit rule found for `build/core/clang/x86_64.mk'.
  Finished prerequisites of target file `build/core/clang/x86_64.mk'.
 No need to remake target `build/core/clang/x86_64.mk'.
 Considering target file `build/core/clang/HOST_x86_64.mk'.
  Looking for an implicit rule for `build/core/clang/HOST_x86_64.mk'.
  No implicit rule found for `build/core/clang/HOST_x86_64.mk'.
  Finished prerequisites of target file `build/core/clang/HOST_x86_64.mk'.
 No need to remake target `build/core/clang/HOST_x86_64.mk'.
 Considering target file `build/core/clang/config.mk'.
  Looking for an implicit rule for `build/core/clang/config.mk'.
  No implicit rule found for `build/core/clang/config.mk'.
  Finished prerequisites of target file `build/core/clang/config.mk'.
 No need to remake target `build/core/clang/config.mk'.
 Considering target file `build/core/combo/javac.mk'.
  Looking for an implicit rule for `build/core/combo/javac.mk'.
  No implicit rule found for `build/core/combo/javac.mk'.
  Finished prerequisites of target file `build/core/combo/javac.mk'.
 No need to remake target `build/core/combo/javac.mk'.
 Considering target file `build/core/ccache.mk'.
  Looking for an implicit rule for `build/core/ccache.mk'.
  No implicit rule found for `build/core/ccache.mk'.
  Finished prerequisites of target file `build/core/ccache.mk'.
 No need to remake target `build/core/ccache.mk'.
 Considering target file `build/core/combo/fdo.mk'.
  Looking for an implicit rule for `build/core/combo/fdo.mk'.
  No implicit rule found for `build/core/combo/fdo.mk'.
  Finished prerequisites of target file `build/core/combo/fdo.mk'.
 No need to remake target `build/core/combo/fdo.mk'.
 Considering target file `build/core/combo/arch/arm/armv7-a-neon.mk'.
  Looking for an implicit rule for `build/core/combo/arch/arm/armv7-a-neon.mk'.
  No implicit rule found for `build/core/combo/arch/arm/armv7-a-neon.mk'.
  Finished prerequisites of target file `build/core/combo/arch/arm/armv7-a-neon.mk'.
 No need to remake target `build/core/combo/arch/arm/armv7-a-neon.mk'.
 Considering target file `build/core/combo/TARGET_linux-arm.mk'.
  Looking for an implicit rule for `build/core/combo/TARGET_linux-arm.mk'.
  No implicit rule found for `build/core/combo/TARGET_linux-arm.mk'.
  Finished prerequisites of target file `build/core/combo/TARGET_linux-arm.mk'.
 No need to remake target `build/core/combo/TARGET_linux-arm.mk'.
 Considering target file `build/core/combo/select.mk'.
  Looking for an implicit rule for `build/core/combo/select.mk'.
  No implicit rule found for `build/core/combo/select.mk'.
  Finished prerequisites of target file `build/core/combo/select.mk'.
 No need to remake target `build/core/combo/select.mk'.
 Considering target file `build/core/combo/HOST_linux-x86.mk'.
  Looking for an implicit rule for `build/core/combo/HOST_linux-x86.mk'.
  No implicit rule found for `build/core/combo/HOST_linux-x86.mk'.
  Finished prerequisites of target file `build/core/combo/HOST_linux-x86.mk'.
 No need to remake target `build/core/combo/HOST_linux-x86.mk'.
 Pruning file `build/core/combo/select.mk'.
 Considering target file `build/core/combo/HOST_linux-x86_64.mk'.
  Looking for an implicit rule for `build/core/combo/HOST_linux-x86_64.mk'.
  No implicit rule found for `build/core/combo/HOST_linux-x86_64.mk'.
  Finished prerequisites of target file `build/core/combo/HOST_linux-x86_64.mk'.
 No need to remake target `build/core/combo/HOST_linux-x86_64.mk'.
 Pruning file `build/core/combo/select.mk'.
 Considering target file `vendor/lge/hammerhead/BoardConfigVendor.mk'.
  File `vendor/lge/hammerhead/BoardConfigVendor.mk' does not exist.
  Looking for an implicit rule for `vendor/lge/hammerhead/BoardConfigVendor.mk'.
  No implicit rule found for `vendor/lge/hammerhead/BoardConfigVendor.mk'.
  Finished prerequisites of target file `vendor/lge/hammerhead/BoardConfigVendor.mk'.
 Must remake target `vendor/lge/hammerhead/BoardConfigVendor.mk'.
 Failed to remake target file `vendor/lge/hammerhead/BoardConfigVendor.mk'.
 Considering target file `device/lge/hammerhead/BoardConfig.mk'.
  Looking for an implicit rule for `device/lge/hammerhead/BoardConfig.mk'.
  No implicit rule found for `device/lge/hammerhead/BoardConfig.mk'.
  Finished prerequisites of target file `device/lge/hammerhead/BoardConfig.mk'.
 No need to remake target `device/lge/hammerhead/BoardConfig.mk'.
 Considering target file `hardware/qcom/msm8x74/msm8x74.mk'.
  Looking for an implicit rule for `hardware/qcom/msm8x74/msm8x74.mk'.
  No implicit rule found for `hardware/qcom/msm8x74/msm8x74.mk'.
  Finished prerequisites of target file `hardware/qcom/msm8x74/msm8x74.mk'.
 No need to remake target `hardware/qcom/msm8x74/msm8x74.mk'.
 Considering target file `hardware/broadcom/wlan/bcmdhd/config/config-bcm.mk'.
  Looking for an implicit rule for `hardware/broadcom/wlan/bcmdhd/config/config-bcm.mk'.
  No implicit rule found for `hardware/broadcom/wlan/bcmdhd/config/config-bcm.mk'.
  Finished prerequisites of target file `hardware/broadcom/wlan/bcmdhd/config/config-bcm.mk'.
 No need to remake target `hardware/broadcom/wlan/bcmdhd/config/config-bcm.mk'.
 Considering target file `hardware/broadcom/wlan/bcmdhd/firmware/bcm4339/device-bcm.mk'.
  Looking for an implicit rule for `hardware/broadcom/wlan/bcmdhd/firmware/bcm4339/device-bcm.mk'.
  No implicit rule found for `hardware/broadcom/wlan/bcmdhd/firmware/bcm4339/device-bcm.mk'.
  Finished prerequisites of target file `hardware/broadcom/wlan/bcmdhd/firmware/bcm4339/device-bcm.mk'.
 No need to remake target `hardware/broadcom/wlan/bcmdhd/firmware/bcm4339/device-bcm.mk'.
 Considering target file `frameworks/native/build/phone-xhdpi-2048-dalvik-heap.mk'.
  Looking for an implicit rule for `frameworks/native/build/phone-xhdpi-2048-dalvik-heap.mk'.
  No implicit rule found for `frameworks/native/build/phone-xhdpi-2048-dalvik-heap.mk'.
  Finished prerequisites of target file `frameworks/native/build/phone-xhdpi-2048-dalvik-heap.mk'.
 No need to remake target `frameworks/native/build/phone-xhdpi-2048-dalvik-heap.mk'.
 Considering target file `device/lge/hammerhead/device.mk'.
  Looking for an implicit rule for `device/lge/hammerhead/device.mk'.
  No implicit rule found for `device/lge/hammerhead/device.mk'.
  Finished prerequisites of target file `device/lge/hammerhead/device.mk'.
 No need to remake target `device/lge/hammerhead/device.mk'.
 Considering target file `build/target/product/telephony.mk'.
  Looking for an implicit rule for `build/target/product/telephony.mk'.
  No implicit rule found for `build/target/product/telephony.mk'.
  Finished prerequisites of target file `build/target/product/telephony.mk'.
 No need to remake target `build/target/product/telephony.mk'.
 Considering target file `frameworks/base/data/sounds/AllAudio.mk'.
  Looking for an implicit rule for `frameworks/base/data/sounds/AllAudio.mk'.
  No implicit rule found for `frameworks/base/data/sounds/AllAudio.mk'.
  Finished prerequisites of target file `frameworks/base/data/sounds/AllAudio.mk'.
 No need to remake target `frameworks/base/data/sounds/AllAudio.mk'.
 Considering target file `external/svox/pico/lang/PicoLangItItInSystem.mk'.
  Looking for an implicit rule for `external/svox/pico/lang/PicoLangItItInSystem.mk'.
  No implicit rule found for `external/svox/pico/lang/PicoLangItItInSystem.mk'.
  Finished prerequisites of target file `external/svox/pico/lang/PicoLangItItInSystem.mk'.
 No need to remake target `external/svox/pico/lang/PicoLangItItInSystem.mk'.
 Considering target file `external/svox/pico/lang/PicoLangFrFrInSystem.mk'.
  Looking for an implicit rule for `external/svox/pico/lang/PicoLangFrFrInSystem.mk'.
  No implicit rule found for `external/svox/pico/lang/PicoLangFrFrInSystem.mk'.
  Finished prerequisites of target file `external/svox/pico/lang/PicoLangFrFrInSystem.mk'.
 No need to remake target `external/svox/pico/lang/PicoLangFrFrInSystem.mk'.
 Considering target file `external/svox/pico/lang/PicoLangEsEsInSystem.mk'.
  Looking for an implicit rule for `external/svox/pico/lang/PicoLangEsEsInSystem.mk'.
  No implicit rule found for `external/svox/pico/lang/PicoLangEsEsInSystem.mk'.
  Finished prerequisites of target file `external/svox/pico/lang/PicoLangEsEsInSystem.mk'.
 No need to remake target `external/svox/pico/lang/PicoLangEsEsInSystem.mk'.
 Considering target file `external/svox/pico/lang/PicoLangEnUsInSystem.mk'.
  Looking for an implicit rule for `external/svox/pico/lang/PicoLangEnUsInSystem.mk'.
  No implicit rule found for `external/svox/pico/lang/PicoLangEnUsInSystem.mk'.
  Finished prerequisites of target file `external/svox/pico/lang/PicoLangEnUsInSystem.mk'.
 No need to remake target `external/svox/pico/lang/PicoLangEnUsInSystem.mk'.
 Considering target file `external/svox/pico/lang/PicoLangEnGBInSystem.mk'.
  Looking for an implicit rule for `external/svox/pico/lang/PicoLangEnGBInSystem.mk'.
  No implicit rule found for `external/svox/pico/lang/PicoLangEnGBInSystem.mk'.
  Finished prerequisites of target file `external/svox/pico/lang/PicoLangEnGBInSystem.mk'.
 No need to remake target `external/svox/pico/lang/PicoLangEnGBInSystem.mk'.
 Considering target file `external/svox/pico/lang/PicoLangDeDeInSystem.mk'.
  Looking for an implicit rule for `external/svox/pico/lang/PicoLangDeDeInSystem.mk'.
  No implicit rule found for `external/svox/pico/lang/PicoLangDeDeInSystem.mk'.
  Finished prerequisites of target file `external/svox/pico/lang/PicoLangDeDeInSystem.mk'.
 No need to remake target `external/svox/pico/lang/PicoLangDeDeInSystem.mk'.
 Considering target file `external/svox/pico/lang/all_pico_languages.mk'.
  Looking for an implicit rule for `external/svox/pico/lang/all_pico_languages.mk'.
  No implicit rule found for `external/svox/pico/lang/all_pico_languages.mk'.
  Finished prerequisites of target file `external/svox/pico/lang/all_pico_languages.mk'.
 No need to remake target `external/svox/pico/lang/all_pico_languages.mk'.
 Considering target file `build/target/product/languages_full.mk'.
  Looking for an implicit rule for `build/target/product/languages_full.mk'.
  No implicit rule found for `build/target/product/languages_full.mk'.
  Finished prerequisites of target file `build/target/product/languages_full.mk'.
 No need to remake target `build/target/product/languages_full.mk'.
 Considering target file `build/target/product/locales_full.mk'.
  Looking for an implicit rule for `build/target/product/locales_full.mk'.
  No implicit rule found for `build/target/product/locales_full.mk'.
  Finished prerequisites of target file `build/target/product/locales_full.mk'.
 No need to remake target `build/target/product/locales_full.mk'.
 Considering target file `frameworks/base/data/keyboards/common.mk'.
  Looking for an implicit rule for `frameworks/base/data/keyboards/common.mk'.
  No implicit rule found for `frameworks/base/data/keyboards/common.mk'.
  Finished prerequisites of target file `frameworks/base/data/keyboards/common.mk'.
 No need to remake target `frameworks/base/data/keyboards/common.mk'.
 Considering target file `frameworks/base/data/keyboards/keyboards.mk'.
  Looking for an implicit rule for `frameworks/base/data/keyboards/keyboards.mk'.
  No implicit rule found for `frameworks/base/data/keyboards/keyboards.mk'.
  Finished prerequisites of target file `frameworks/base/data/keyboards/keyboards.mk'.
 No need to remake target `frameworks/base/data/keyboards/keyboards.mk'.
 Considering target file `frameworks/base/data/fonts/fonts.mk'.
  Looking for an implicit rule for `frameworks/base/data/fonts/fonts.mk'.
  No implicit rule found for `frameworks/base/data/fonts/fonts.mk'.
  Finished prerequisites of target file `frameworks/base/data/fonts/fonts.mk'.
 No need to remake target `frameworks/base/data/fonts/fonts.mk'.
 Considering target file `external/roboto-fonts/fonts.mk'.
  Looking for an implicit rule for `external/roboto-fonts/fonts.mk'.
  No implicit rule found for `external/roboto-fonts/fonts.mk'.
  Finished prerequisites of target file `external/roboto-fonts/fonts.mk'.
 No need to remake target `external/roboto-fonts/fonts.mk'.
 Considering target file `external/noto-fonts/fonts.mk'.
  Looking for an implicit rule for `external/noto-fonts/fonts.mk'.
  No implicit rule found for `external/noto-fonts/fonts.mk'.
  Finished prerequisites of target file `external/noto-fonts/fonts.mk'.
 No need to remake target `external/noto-fonts/fonts.mk'.
 Considering target file `external/hyphenation-patterns/patterns.mk'.
  Looking for an implicit rule for `external/hyphenation-patterns/patterns.mk'.
  No implicit rule found for `external/hyphenation-patterns/patterns.mk'.
  Finished prerequisites of target file `external/hyphenation-patterns/patterns.mk'.
 No need to remake target `external/hyphenation-patterns/patterns.mk'.
 Considering target file `external/google-fonts/dancing-script/fonts.mk'.
  Looking for an implicit rule for `external/google-fonts/dancing-script/fonts.mk'.
  No implicit rule found for `external/google-fonts/dancing-script/fonts.mk'.
  Finished prerequisites of target file `external/google-fonts/dancing-script/fonts.mk'.
 No need to remake target `external/google-fonts/dancing-script/fonts.mk'.
 Considering target file `external/google-fonts/cutive-mono/fonts.mk'.
  Looking for an implicit rule for `external/google-fonts/cutive-mono/fonts.mk'.
  No implicit rule found for `external/google-fonts/cutive-mono/fonts.mk'.
  Finished prerequisites of target file `external/google-fonts/cutive-mono/fonts.mk'.
 No need to remake target `external/google-fonts/cutive-mono/fonts.mk'.
 Considering target file `external/google-fonts/coming-soon/fonts.mk'.
  Looking for an implicit rule for `external/google-fonts/coming-soon/fonts.mk'.
  No implicit rule found for `external/google-fonts/coming-soon/fonts.mk'.
  Finished prerequisites of target file `external/google-fonts/coming-soon/fonts.mk'.
 No need to remake target `external/google-fonts/coming-soon/fonts.mk'.
 Considering target file `external/google-fonts/carrois-gothic-sc/fonts.mk'.
  Looking for an implicit rule for `external/google-fonts/carrois-gothic-sc/fonts.mk'.
  No implicit rule found for `external/google-fonts/carrois-gothic-sc/fonts.mk'.
  Finished prerequisites of target file `external/google-fonts/carrois-gothic-sc/fonts.mk'.
 No need to remake target `external/google-fonts/carrois-gothic-sc/fonts.mk'.
 Considering target file `build/target/product/runtime_libart.mk'.
  Looking for an implicit rule for `build/target/product/runtime_libart.mk'.
  No implicit rule found for `build/target/product/runtime_libart.mk'.
  Finished prerequisites of target file `build/target/product/runtime_libart.mk'.
 No need to remake target `build/target/product/runtime_libart.mk'.
 Considering target file `build/target/product/embedded.mk'.
  Looking for an implicit rule for `build/target/product/embedded.mk'.
  No implicit rule found for `build/target/product/embedded.mk'.
  Finished prerequisites of target file `build/target/product/embedded.mk'.
 No need to remake target `build/target/product/embedded.mk'.
 Considering target file `build/target/product/base.mk'.
  Looking for an implicit rule for `build/target/product/base.mk'.
  No implicit rule found for `build/target/product/base.mk'.
  Finished prerequisites of target file `build/target/product/base.mk'.
 No need to remake target `build/target/product/base.mk'.
 Considering target file `build/target/product/core_minimal.mk'.
  Looking for an implicit rule for `build/target/product/core_minimal.mk'.
  No implicit rule found for `build/target/product/core_minimal.mk'.
  Finished prerequisites of target file `build/target/product/core_minimal.mk'.
 No need to remake target `build/target/product/core_minimal.mk'.
 Considering target file `build/target/product/core_base.mk'.
  Looking for an implicit rule for `build/target/product/core_base.mk'.
  No implicit rule found for `build/target/product/core_base.mk'.
  Finished prerequisites of target file `build/target/product/core_base.mk'.
 No need to remake target `build/target/product/core_base.mk'.
 Considering target file `build/target/product/core.mk'.
  Looking for an implicit rule for `build/target/product/core.mk'.
  No implicit rule found for `build/target/product/core.mk'.
  Finished prerequisites of target file `build/target/product/core.mk'.
 No need to remake target `build/target/product/core.mk'.
 Considering target file `build/target/product/generic_no_telephony.mk'.
  Looking for an implicit rule for `build/target/product/generic_no_telephony.mk'.
  No implicit rule found for `build/target/product/generic_no_telephony.mk'.
  Finished prerequisites of target file `build/target/product/generic_no_telephony.mk'.
 No need to remake target `build/target/product/generic_no_telephony.mk'.
 Considering target file `build/target/product/full_base.mk'.
  Looking for an implicit rule for `build/target/product/full_base.mk'.
  No implicit rule found for `build/target/product/full_base.mk'.
  Finished prerequisites of target file `build/target/product/full_base.mk'.
 No need to remake target `build/target/product/full_base.mk'.
 Considering target file `build/target/product/aosp_base.mk'.
  Looking for an implicit rule for `build/target/product/aosp_base.mk'.
  No implicit rule found for `build/target/product/aosp_base.mk'.
  Finished prerequisites of target file `build/target/product/aosp_base.mk'.
 No need to remake target `build/target/product/aosp_base.mk'.
 Considering target file `build/target/product/full_base_telephony.mk'.
  Looking for an implicit rule for `build/target/product/full_base_telephony.mk'.
  No implicit rule found for `build/target/product/full_base_telephony.mk'.
  Finished prerequisites of target file `build/target/product/full_base_telephony.mk'.
 No need to remake target `build/target/product/full_base_telephony.mk'.
 Considering target file `build/target/product/aosp_base_telephony.mk'.
  Looking for an implicit rule for `build/target/product/aosp_base_telephony.mk'.
  No implicit rule found for `build/target/product/aosp_base_telephony.mk'.
  Finished prerequisites of target file `build/target/product/aosp_base_telephony.mk'.
 No need to remake target `build/target/product/aosp_base_telephony.mk'.
 Considering target file `device/lge/hammerhead/full_hammerhead.mk'.
  Looking for an implicit rule for `device/lge/hammerhead/full_hammerhead.mk'.
  No implicit rule found for `device/lge/hammerhead/full_hammerhead.mk'.
  Finished prerequisites of target file `device/lge/hammerhead/full_hammerhead.mk'.
 No need to remake target `device/lge/hammerhead/full_hammerhead.mk'.
 Considering target file `device/lge/hammerhead/aosp_hammerhead.mk'.
  Looking for an implicit rule for `device/lge/hammerhead/aosp_hammerhead.mk'.
  No implicit rule found for `device/lge/hammerhead/aosp_hammerhead.mk'.
  Finished prerequisites of target file `device/lge/hammerhead/aosp_hammerhead.mk'.
 No need to remake target `device/lge/hammerhead/aosp_hammerhead.mk'.
 Considering target file `build/target/product/AndroidProducts.mk'.
  Looking for an implicit rule for `build/target/product/AndroidProducts.mk'.
  No implicit rule found for `build/target/product/AndroidProducts.mk'.
  Finished prerequisites of target file `build/target/product/AndroidProducts.mk'.
 No need to remake target `build/target/product/AndroidProducts.mk'.
 Considering target file `device/moto/shamu/AndroidProducts.mk'.
  Looking for an implicit rule for `device/moto/shamu/AndroidProducts.mk'.
  No implicit rule found for `device/moto/shamu/AndroidProducts.mk'.
  Finished prerequisites of target file `device/moto/shamu/AndroidProducts.mk'.
 No need to remake target `device/moto/shamu/AndroidProducts.mk'.
 Considering target file `device/asus/deb/AndroidProducts.mk'.
  Looking for an implicit rule for `device/asus/deb/AndroidProducts.mk'.
  No implicit rule found for `device/asus/deb/AndroidProducts.mk'.
  Finished prerequisites of target file `device/asus/deb/AndroidProducts.mk'.
 No need to remake target `device/asus/deb/AndroidProducts.mk'.
 Considering target file `device/asus/fugu/AndroidProducts.mk'.
  Looking for an implicit rule for `device/asus/fugu/AndroidProducts.mk'.
  No implicit rule found for `device/asus/fugu/AndroidProducts.mk'.
  Finished prerequisites of target file `device/asus/fugu/AndroidProducts.mk'.
 No need to remake target `device/asus/fugu/AndroidProducts.mk'.
 Considering target file `device/asus/flo/AndroidProducts.mk'.
  Looking for an implicit rule for `device/asus/flo/AndroidProducts.mk'.
  No implicit rule found for `device/asus/flo/AndroidProducts.mk'.
  Finished prerequisites of target file `device/asus/flo/AndroidProducts.mk'.
 No need to remake target `device/asus/flo/AndroidProducts.mk'.
 Considering target file `device/generic/mini-emulator-x86/AndroidProducts.mk'.
  Looking for an implicit rule for `device/generic/mini-emulator-x86/AndroidProducts.mk'.
  No implicit rule found for `device/generic/mini-emulator-x86/AndroidProducts.mk'.
  Finished prerequisites of target file `device/generic/mini-emulator-x86/AndroidProducts.mk'.
 No need to remake target `device/generic/mini-emulator-x86/AndroidProducts.mk'.
 Considering target file `device/generic/x86/AndroidProducts.mk'.
  Looking for an implicit rule for `device/generic/x86/AndroidProducts.mk'.
  No implicit rule found for `device/generic/x86/AndroidProducts.mk'.
  Finished prerequisites of target file `device/generic/x86/AndroidProducts.mk'.
 No need to remake target `device/generic/x86/AndroidProducts.mk'.
 Considering target file `device/generic/qemu/AndroidProducts.mk'.
  Looking for an implicit rule for `device/generic/qemu/AndroidProducts.mk'.
  No implicit rule found for `device/generic/qemu/AndroidProducts.mk'.
  Finished prerequisites of target file `device/generic/qemu/AndroidProducts.mk'.
 No need to remake target `device/generic/qemu/AndroidProducts.mk'.
 Considering target file `device/generic/armv7-a-neon/AndroidProducts.mk'.
  Looking for an implicit rule for `device/generic/armv7-a-neon/AndroidProducts.mk'.
  No implicit rule found for `device/generic/armv7-a-neon/AndroidProducts.mk'.
  Finished prerequisites of target file `device/generic/armv7-a-neon/AndroidProducts.mk'.
 No need to remake target `device/generic/armv7-a-neon/AndroidProducts.mk'.
 Considering target file `device/generic/mini-emulator-x86_64/AndroidProducts.mk'.
  Looking for an implicit rule for `device/generic/mini-emulator-x86_64/AndroidProducts.mk'.
  No implicit rule found for `device/generic/mini-emulator-x86_64/AndroidProducts.mk'.
  Finished prerequisites of target file `device/generic/mini-emulator-x86_64/AndroidProducts.mk'.
 No need to remake target `device/generic/mini-emulator-x86_64/AndroidProducts.mk'.
 Considering target file `device/generic/arm64/AndroidProducts.mk'.
  Looking for an implicit rule for `device/generic/arm64/AndroidProducts.mk'.
  No implicit rule found for `device/generic/arm64/AndroidProducts.mk'.
  Finished prerequisites of target file `device/generic/arm64/AndroidProducts.mk'.
 No need to remake target `device/generic/arm64/AndroidProducts.mk'.
 Considering target file `device/generic/mips/AndroidProducts.mk'.
  Looking for an implicit rule for `device/generic/mips/AndroidProducts.mk'.
  No implicit rule found for `device/generic/mips/AndroidProducts.mk'.
  Finished prerequisites of target file `device/generic/mips/AndroidProducts.mk'.
 No need to remake target `device/generic/mips/AndroidProducts.mk'.
 Considering target file `device/generic/mini-emulator-mips/AndroidProducts.mk'.
  Looking for an implicit rule for `device/generic/mini-emulator-mips/AndroidProducts.mk'.
  No implicit rule found for `device/generic/mini-emulator-mips/AndroidProducts.mk'.
  Finished prerequisites of target file `device/generic/mini-emulator-mips/AndroidProducts.mk'.
 No need to remake target `device/generic/mini-emulator-mips/AndroidProducts.mk'.
 Considering target file `device/generic/mini-emulator-arm64/AndroidProducts.mk'.
  Looking for an implicit rule for `device/generic/mini-emulator-arm64/AndroidProducts.mk'.
  No implicit rule found for `device/generic/mini-emulator-arm64/AndroidProducts.mk'.
  Finished prerequisites of target file `device/generic/mini-emulator-arm64/AndroidProducts.mk'.
 No need to remake target `device/generic/mini-emulator-arm64/AndroidProducts.mk'.
 Considering target file `device/generic/mini-emulator-armv7-a-neon/AndroidProducts.mk'.
  Looking for an implicit rule for `device/generic/mini-emulator-armv7-a-neon/AndroidProducts.mk'.
  No implicit rule found for `device/generic/mini-emulator-armv7-a-neon/AndroidProducts.mk'.
  Finished prerequisites of target file `device/generic/mini-emulator-armv7-a-neon/AndroidProducts.mk'.
 No need to remake target `device/generic/mini-emulator-armv7-a-neon/AndroidProducts.mk'.
 Considering target file `device/generic/x86_64/AndroidProducts.mk'.
  Looking for an implicit rule for `device/generic/x86_64/AndroidProducts.mk'.
  No implicit rule found for `device/generic/x86_64/AndroidProducts.mk'.
  Finished prerequisites of target file `device/generic/x86_64/AndroidProducts.mk'.
 No need to remake target `device/generic/x86_64/AndroidProducts.mk'.
 Considering target file `device/htc/flounder/AndroidProducts.mk'.
  Looking for an implicit rule for `device/htc/flounder/AndroidProducts.mk'.
  No implicit rule found for `device/htc/flounder/AndroidProducts.mk'.
  Finished prerequisites of target file `device/htc/flounder/AndroidProducts.mk'.
 No need to remake target `device/htc/flounder/AndroidProducts.mk'.
 Considering target file `device/lge/hammerhead/AndroidProducts.mk'.
  Looking for an implicit rule for `device/lge/hammerhead/AndroidProducts.mk'.
  No implicit rule found for `device/lge/hammerhead/AndroidProducts.mk'.
  Finished prerequisites of target file `device/lge/hammerhead/AndroidProducts.mk'.
 No need to remake target `device/lge/hammerhead/AndroidProducts.mk'.
 Considering target file `device/lge/bullhead/AndroidProducts.mk'.
  Looking for an implicit rule for `device/lge/bullhead/AndroidProducts.mk'.
  No implicit rule found for `device/lge/bullhead/AndroidProducts.mk'.
  Finished prerequisites of target file `device/lge/bullhead/AndroidProducts.mk'.
 No need to remake target `device/lge/bullhead/AndroidProducts.mk'.
 Considering target file `device/sample/products/AndroidProducts.mk'.
  Looking for an implicit rule for `device/sample/products/AndroidProducts.mk'.
  No implicit rule found for `device/sample/products/AndroidProducts.mk'.
  Finished prerequisites of target file `device/sample/products/AndroidProducts.mk'.
 No need to remake target `device/sample/products/AndroidProducts.mk'.
 Considering target file `device/huawei/angler/AndroidProducts.mk'.
  Looking for an implicit rule for `device/huawei/angler/AndroidProducts.mk'.
  No implicit rule found for `device/huawei/angler/AndroidProducts.mk'.
  Finished prerequisites of target file `device/huawei/angler/AndroidProducts.mk'.
 No need to remake target `device/huawei/angler/AndroidProducts.mk'.
 Considering target file `build/core/device.mk'.
  Looking for an implicit rule for `build/core/device.mk'.
  No implicit rule found for `build/core/device.mk'.
  Finished prerequisites of target file `build/core/device.mk'.
 No need to remake target `build/core/device.mk'.
 Considering target file `build/core/product.mk'.
  Looking for an implicit rule for `build/core/product.mk'.
  No implicit rule found for `build/core/product.mk'.
  Finished prerequisites of target file `build/core/product.mk'.
 No need to remake target `build/core/product.mk'.
 Considering target file `build/core/node_fns.mk'.
  Looking for an implicit rule for `build/core/node_fns.mk'.
  No implicit rule found for `build/core/node_fns.mk'.
  Finished prerequisites of target file `build/core/node_fns.mk'.
 No need to remake target `build/core/node_fns.mk'.
 Considering target file `build/core/product_config.mk'.
  Looking for an implicit rule for `build/core/product_config.mk'.
  No implicit rule found for `build/core/product_config.mk'.
  Finished prerequisites of target file `build/core/product_config.mk'.
 No need to remake target `build/core/product_config.mk'.
 Considering target file `build/core/build_id.mk'.
  Looking for an implicit rule for `build/core/build_id.mk'.
  No implicit rule found for `build/core/build_id.mk'.
  Finished prerequisites of target file `build/core/build_id.mk'.
 No need to remake target `build/core/build_id.mk'.
 Considering target file `build/core/version_defaults.mk'.
  Looking for an implicit rule for `build/core/version_defaults.mk'.
  No implicit rule found for `build/core/version_defaults.mk'.
  Finished prerequisites of target file `build/core/version_defaults.mk'.
 No need to remake target `build/core/version_defaults.mk'.
 Considering target file `build/core/envsetup.mk'.
  Looking for an implicit rule for `build/core/envsetup.mk'.
  No implicit rule found for `build/core/envsetup.mk'.
  Finished prerequisites of target file `build/core/envsetup.mk'.
 No need to remake target `build/core/envsetup.mk'.
 Considering target file `buildspec.mk'.
  File `buildspec.mk' does not exist.
  Looking for an implicit rule for `buildspec.mk'.
  No implicit rule found for `buildspec.mk'.
  Finished prerequisites of target file `buildspec.mk'.
 Must remake target `buildspec.mk'.
 Failed to remake target file `buildspec.mk'.
 Considering target file `build/core/pathmap.mk'.
  Looking for an implicit rule for `build/core/pathmap.mk'.
  No implicit rule found for `build/core/pathmap.mk'.
  Finished prerequisites of target file `build/core/pathmap.mk'.
 No need to remake target `build/core/pathmap.mk'.
 Considering target file `build/core/config.mk'.
  Looking for an implicit rule for `build/core/config.mk'.
  No implicit rule found for `build/core/config.mk'.
  Finished prerequisites of target file `build/core/config.mk'.
 No need to remake target `build/core/config.mk'.
 Considering target file `build/core/help.mk'.
  Looking for an implicit rule for `build/core/help.mk'.
  No implicit rule found for `build/core/help.mk'.
  Finished prerequisites of target file `build/core/help.mk'.
 No need to remake target `build/core/help.mk'.
 Considering target file `build/core/main.mk'.
  Looking for an implicit rule for `build/core/main.mk'.
  No implicit rule found for `build/core/main.mk'.
  Finished prerequisites of target file `build/core/main.mk'.
 No need to remake target `build/core/main.mk'.
Updating goal targets....
Considering target file `all_modules'.
 File `all_modules' does not exist.
  Considering target file `CVE_2016_0810'.
   File `CVE_2016_0810' does not exist.
    Considering target file `out/target/product/hammerhead/obj/EXECUTABLES/CVE_2016_0810_intermediates/CVE_2016_0810'.
     File `out/target/product/hammerhead/obj/EXECUTABLES/CVE_2016_0810_intermediates/CVE_2016_0810' does not exist.
      Considering target file `out/target/product/hammerhead/symbols/system/bin/CVE_2016_0810'.
       File `out/target/product/hammerhead/symbols/system/bin/CVE_2016_0810' does not exist.
        Considering target file `out/target/product/hammerhead/obj/EXECUTABLES/CVE_2016_0810_intermediates/PACKED/CVE_2016_0810'.
         File `out/target/product/hammerhead/obj/EXECUTABLES/CVE_2016_0810_intermediates/PACKED/CVE_2016_0810' does not exist.
          Considering target file `out/target/product/hammerhead/obj/EXECUTABLES/CVE_2016_0810_intermediates/LINKED/CVE_2016_0810'.
           File `out/target/product/hammerhead/obj/EXECUTABLES/CVE_2016_0810_intermediates/LINKED/CVE_2016_0810' does not exist.
            Considering target file `out/target/product/hammerhead/obj/lib/crtbegin_dynamic.o'.
             Looking for an implicit rule for `out/target/product/hammerhead/obj/lib/crtbegin_dynamic.o'.
             No implicit rule found for `out/target/product/hammerhead/obj/lib/crtbegin_dynamic.o'.
             Finished prerequisites of target file `out/target/product/hammerhead/obj/lib/crtbegin_dynamic.o'.
            No need to remake target `out/target/product/hammerhead/obj/lib/crtbegin_dynamic.o'.
            Considering target file `out/target/product/hammerhead/obj/lib/liblog.so'.
             Looking for an implicit rule for `out/target/product/hammerhead/obj/lib/liblog.so'.
             No implicit rule found for `out/target/product/hammerhead/obj/lib/liblog.so'.
             Finished prerequisites of target file `out/target/product/hammerhead/obj/lib/liblog.so'.
            No need to remake target `out/target/product/hammerhead/obj/lib/liblog.so'.
            Considering target file `out/target/product/hammerhead/obj/lib/libdl.so'.
             Looking for an implicit rule for `out/target/product/hammerhead/obj/lib/libdl.so'.
             No implicit rule found for `out/target/product/hammerhead/obj/lib/libdl.so'.
             Finished prerequisites of target file `out/target/product/hammerhead/obj/lib/libdl.so'.
            No need to remake target `out/target/product/hammerhead/obj/lib/libdl.so'.
            Considering target file `out/target/product/hammerhead/obj/lib/libutils.so'.
             Looking for an implicit rule for `out/target/product/hammerhead/obj/lib/libutils.so'.
             No implicit rule found for `out/target/product/hammerhead/obj/lib/libutils.so'.
             Finished prerequisites of target file `out/target/product/hammerhead/obj/lib/libutils.so'.
            No need to remake target `out/target/product/hammerhead/obj/lib/libutils.so'.
            Considering target file `out/target/product/hammerhead/obj/lib/libc.so'.
             Looking for an implicit rule for `out/target/product/hammerhead/obj/lib/libc.so'.
             No implicit rule found for `out/target/product/hammerhead/obj/lib/libc.so'.
             Finished prerequisites of target file `out/target/product/hammerhead/obj/lib/libc.so'.
            No need to remake target `out/target/product/hammerhead/obj/lib/libc.so'.
            Considering target file `out/target/product/hammerhead/obj/lib/libc++.so'.
             Looking for an implicit rule for `out/target/product/hammerhead/obj/lib/libc++.so'.
             No implicit rule found for `out/target/product/hammerhead/obj/lib/libc++.so'.
             Finished prerequisites of target file `out/target/product/hammerhead/obj/lib/libc++.so'.
            No need to remake target `out/target/product/hammerhead/obj/lib/libc++.so'.
            Pruning file `out/target/product/hammerhead/obj/lib/libdl.so'.
            Pruning file `out/target/product/hammerhead/obj/lib/libc.so'.
            Considering target file `out/target/product/hammerhead/obj/lib/libm.so'.
             Looking for an implicit rule for `out/target/product/hammerhead/obj/lib/libm.so'.
             No implicit rule found for `out/target/product/hammerhead/obj/lib/libm.so'.
             Finished prerequisites of target file `out/target/product/hammerhead/obj/lib/libm.so'.
            No need to remake target `out/target/product/hammerhead/obj/lib/libm.so'.
            Considering target file `out/target/product/hammerhead/obj/STATIC_LIBRARIES/libunwind_llvm_intermediates/libunwind_llvm.a'.
             Looking for an implicit rule for `out/target/product/hammerhead/obj/STATIC_LIBRARIES/libunwind_llvm_intermediates/libunwind_llvm.a'.
             No implicit rule found for `out/target/product/hammerhead/obj/STATIC_LIBRARIES/libunwind_llvm_intermediates/libunwind_llvm.a'.
             Finished prerequisites of target file `out/target/product/hammerhead/obj/STATIC_LIBRARIES/libunwind_llvm_intermediates/libunwind_llvm.a'.
            No need to remake target `out/target/product/hammerhead/obj/STATIC_LIBRARIES/libunwind_llvm_intermediates/libunwind_llvm.a'.
            Considering target file `out/target/product/hammerhead/obj/STATIC_LIBRARIES/libcompiler_rt-extras_intermediates/libcompiler_rt-extras.a'.
             Looking for an implicit rule for `out/target/product/hammerhead/obj/STATIC_LIBRARIES/libcompiler_rt-extras_intermediates/libcompiler_rt-extras.a'.
             No implicit rule found for `out/target/product/hammerhead/obj/STATIC_LIBRARIES/libcompiler_rt-extras_intermediates/libcompiler_rt-extras.a'.
             Finished prerequisites of target file `out/target/product/hammerhead/obj/STATIC_LIBRARIES/libcompiler_rt-extras_intermediates/libcompiler_rt-extras.a'.
            No need to remake target `out/target/product/hammerhead/obj/STATIC_LIBRARIES/libcompiler_rt-extras_intermediates/libcompiler_rt-extras.a'.
            Considering target file `out/target/product/hammerhead/obj/lib/crtend_android.o'.
             Looking for an implicit rule for `out/target/product/hammerhead/obj/lib/crtend_android.o'.
             No implicit rule found for `out/target/product/hammerhead/obj/lib/crtend_android.o'.
             Finished prerequisites of target file `out/target/product/hammerhead/obj/lib/crtend_android.o'.
            No need to remake target `out/target/product/hammerhead/obj/lib/crtend_android.o'.
           Finished prerequisites of target file `out/target/product/hammerhead/obj/EXECUTABLES/CVE_2016_0810_intermediates/LINKED/CVE_2016_0810'.
          Must remake target `out/target/product/hammerhead/obj/EXECUTABLES/CVE_2016_0810_intermediates/LINKED/CVE_2016_0810'.
make: Entering directory `/home/ubuntu/android_6.0.1'
Putting child 0x010ce390 (out/target/product/hammerhead/obj/EXECUTABLES/CVE_2016_0810_intermediates/LINKED/CVE_2016_0810) PID 5202 on the chain.
Live child 0x010ce390 (out/target/product/hammerhead/obj/EXECUTABLES/CVE_2016_0810_intermediates/LINKED/CVE_2016_0810) PID 5202 
Reaping winning child 0x010ce390 PID 5202 
Live child 0x010ce390 (out/target/product/hammerhead/obj/EXECUTABLES/CVE_2016_0810_intermediates/LINKED/CVE_2016_0810) PID 5203 
target Executable: CVE_2016_0810 (out/target/product/hammerhead/obj/EXECUTABLES/CVE_2016_0810_intermediates/LINKED/CVE_2016_0810)
Reaping winning child 0x010ce390 PID 5203 
Live child 0x010ce390 (out/target/product/hammerhead/obj/EXECUTABLES/CVE_2016_0810_intermediates/LINKED/CVE_2016_0810) PID 5204 
Reaping losing child 0x010ce390 PID 5204 
Removing child 0x010ce390 PID 5204 from chain.
make: Leaving directory `/home/ubuntu/android_6.0.1'

[0;31m#### make failed to build some targets (1 seconds) ####[00m

